This is pdfTeX, Version 3.14159265-2.6-1.40.19 (MiKTeX 2.9.6880 64-bit) (preloaded format=pdflatex 2018.11.28)  5 DEC 2018 00:23
entering extended mode
**./diff_eq_num_scheme.tex
(diff_eq_num_scheme.tex
LaTeX2e <2018-04-01> patch level 5
! Undefined control sequence.
l.1 \section
            {–ß–∏—Å–ª–µ–Ω–Ω–∞—è —Å—Ö–µ–º–∞ —É—Ä–∞–≤–Ω–µ–Ω–∏–π –¥–∏—Ñ—Ñ—É–∑–∏–∏}
The control sequence at the end of the top line
of your error message was never \def'ed. If you have
misspelled it (e.g., `\hobx'), type `I' and the correct
spelling (e.g., `I\hbox'). Otherwise just continue,
and I'll forget about whatever was undefined.


! Package inputenc Error: Unicode character –ß (U+427)
(inputenc)                not set up for use with LaTeX.

See the inputenc package documentation for explanation.
Type  H <return>  for immediate help.
 ...                                              
                                                  
l.1 \section{–ß
               –∏—Å–ª–µ–Ω–Ω–∞—è —Å—Ö–µ–º–∞ —É—Ä–∞–≤–Ω–µ–Ω–∏–π –¥–∏—Ñ—Ñ—É–∑–∏–∏}

You may provide a definition with
\DeclareUnicodeCharacter 


! Package inputenc Error: Unicode character –∏ (U+438)
(inputenc)                not set up for use with LaTeX.

See the inputenc package documentation for explanation.
Type  H <return>  for immediate help.
 ...                                              
                                                  
l.1 \section{–ß–∏
                 —Å–ª–µ–Ω–Ω–∞—è —Å—Ö–µ–º–∞ —É—Ä–∞–≤–Ω–µ–Ω–∏–π –¥–∏—Ñ—Ñ—É–∑–∏–∏}

You may provide a definition with
\DeclareUnicodeCharacter 


! Package inputenc Error: Unicode character —Å (U+441)
(inputenc)                not set up for use with LaTeX.

See the inputenc package documentation for explanation.
Type  H <return>  for immediate help.
 ...                                              
                                                  
l.1 \section{–ß–∏—Å
                   –ª–µ–Ω–Ω–∞—è —Å—Ö–µ–º–∞ —É—Ä–∞–≤–Ω–µ–Ω–∏–π –¥–∏—Ñ—Ñ—É–∑–∏–∏}

You may provide a definition with
\DeclareUnicodeCharacter 


! Package inputenc Error: Unicode character –ª (U+43B)
(inputenc)                not set up for use with LaTeX.

See the inputenc package documentation for explanation.
Type  H <return>  for immediate help.
 ...                                              
                                                  
l.1 \section{–ß–∏—Å–ª
                     –µ–Ω–Ω–∞—è —Å—Ö–µ–º–∞ —É—Ä–∞–≤–Ω–µ–Ω–∏–π –¥–∏—Ñ—Ñ—É–∑–∏–∏}

You may provide a definition with
\DeclareUnicodeCharacter 


! Package inputenc Error: Unicode character –µ (U+435)
(inputenc)                not set up for use with LaTeX.

See the inputenc package documentation for explanation.
Type  H <return>  for immediate help.
 ...                                              
                                                  
l.1 \section{–ß–∏—Å–ª–µ
                       –Ω–Ω–∞—è —Å—Ö–µ–º–∞ —É—Ä–∞–≤–Ω–µ–Ω–∏–π –¥–∏—Ñ—Ñ—É–∑–∏–∏}

You may provide a definition with
\DeclareUnicodeCharacter 


! Package inputenc Error: Unicode character –Ω (U+43D)
(inputenc)                not set up for use with LaTeX.

See the inputenc package documentation for explanation.
Type  H <return>  for immediate help.
 ...                                              
                                                  
l.1 \section{–ß–∏—Å–ª–µ–Ω
                         –Ω–∞—è —Å—Ö–µ–º–∞ —É—Ä–∞–≤–Ω–µ–Ω–∏–π –¥–∏—Ñ—Ñ—É–∑–∏–∏}

You may provide a definition with
\DeclareUnicodeCharacter 


! Package inputenc Error: Unicode character –Ω (U+43D)
(inputenc)                not set up for use with LaTeX.

See the inputenc package documentation for explanation.
Type  H <return>  for immediate help.
 ...                                              
                                                  
l.1 \section{–ß–∏—Å–ª–µ–Ω–Ω
                           –∞—è —Å—Ö–µ–º–∞ —É—Ä–∞–≤–Ω–µ–Ω–∏–π –¥–∏—Ñ—Ñ—É–∑–∏–∏}

You may provide a definition with
\DeclareUnicodeCharacter 


! Package inputenc Error: Unicode character –∞ (U+430)
(inputenc)                not set up for use with LaTeX.

See the inputenc package documentation for explanation.
Type  H <return>  for immediate help.
 ...                                              
                                                  
l.1 \section{–ß–∏—Å–ª–µ–Ω–Ω–∞
                             —è —Å—Ö–µ–º–∞ —É—Ä–∞–≤–Ω–µ–Ω–∏–π –¥–∏—Ñ—Ñ—É–∑–∏–∏}

You may provide a definition with
\DeclareUnicodeCharacter 


! Package inputenc Error: Unicode character —è (U+44F)
(inputenc)                not set up for use with LaTeX.

See the inputenc package documentation for explanation.
Type  H <return>  for immediate help.
 ...                                              
                                                  
l.1 \section{–ß–∏—Å–ª–µ–Ω–Ω–∞—è
                                —Å—Ö–µ–º–∞ —É—Ä–∞–≤–Ω–µ–Ω–∏–π –¥–∏—Ñ—Ñ—É–∑–∏–∏}

You may provide a definition with
\DeclareUnicodeCharacter 


! Package inputenc Error: Unicode character —Å (U+441)
(inputenc)                not set up for use with LaTeX.

See the inputenc package documentation for explanation.
Type  H <return>  for immediate help.
 ...                                              
                                                  
l.1 \section{–ß–∏—Å–ª–µ–Ω–Ω–∞—è —Å
                                  —Ö–µ–º–∞ —É—Ä–∞–≤–Ω–µ–Ω–∏–π –¥–∏—Ñ—Ñ—É–∑–∏–∏}

You may provide a definition with
\DeclareUnicodeCharacter 


! Package inputenc Error: Unicode character —Ö (U+445)
(inputenc)                not set up for use with LaTeX.

See the inputenc package documentation for explanation.
Type  H <return>  for immediate help.
 ...                                              
                                                  
l.1 \section{–ß–∏—Å–ª–µ–Ω–Ω–∞—è —Å—Ö
                                    –µ–º–∞ —É—Ä–∞–≤–Ω–µ–Ω–∏–π –¥–∏—Ñ—Ñ—É–∑–∏–∏}

You may provide a definition with
\DeclareUnicodeCharacter 


! Package inputenc Error: Unicode character –µ (U+435)
(inputenc)                not set up for use with LaTeX.

See the inputenc package documentation for explanation.
Type  H <return>  for immediate help.
 ...                                              
                                                  
l.1 \section{–ß–∏—Å–ª–µ–Ω–Ω–∞—è —Å—Ö–µ
                                      –º–∞ —É—Ä–∞–≤–Ω–µ–Ω–∏–π –¥–∏—Ñ—Ñ—É–∑–∏–∏}

You may provide a definition with
\DeclareUnicodeCharacter 


! Package inputenc Error: Unicode character –º (U+43C)
(inputenc)                not set up for use with LaTeX.

See the inputenc package documentation for explanation.
Type  H <return>  for immediate help.
 ...                                              
                                                  
l.1 \section{–ß–∏—Å–ª–µ–Ω–Ω–∞—è —Å—Ö–µ–º
                                        –∞ —É—Ä–∞–≤–Ω–µ–Ω–∏–π –¥–∏—Ñ—Ñ—É–∑–∏–∏}

You may provide a definition with
\DeclareUnicodeCharacter 


! Package inputenc Error: Unicode character –∞ (U+430)
(inputenc)                not set up for use with LaTeX.

See the inputenc package documentation for explanation.
Type  H <return>  for immediate help.
 ...                                              
                                                  
l.1 \section{–ß–∏—Å–ª–µ–Ω–Ω–∞—è —Å—Ö–µ–º–∞
                                           —É—Ä–∞–≤–Ω–µ–Ω–∏–π –¥–∏—Ñ—Ñ—É–∑–∏–∏}

You may provide a definition with
\DeclareUnicodeCharacter 


! Package inputenc Error: Unicode character —É (U+443)
(inputenc)                not set up for use with LaTeX.

See the inputenc package documentation for explanation.
Type  H <return>  for immediate help.
 ...                                              
                                                  
l.1 \section{–ß–∏—Å–ª–µ–Ω–Ω–∞—è —Å—Ö–µ–º–∞ —É
                                             —Ä–∞–≤–Ω–µ–Ω–∏–π –¥–∏—Ñ—Ñ—É–∑–∏–∏}

You may provide a definition with
\DeclareUnicodeCharacter 


! Package inputenc Error: Unicode character —Ä (U+440)
(inputenc)                not set up for use with LaTeX.

See the inputenc package documentation for explanation.
Type  H <return>  for immediate help.
 ...                                              
                                                  
l.1 \section{–ß–∏—Å–ª–µ–Ω–Ω–∞—è —Å—Ö–µ–º–∞ —É—Ä
                                               –∞–≤–Ω–µ–Ω–∏–π –¥–∏—Ñ—Ñ—É–∑–∏–∏}

You may provide a definition with
\DeclareUnicodeCharacter 


! Package inputenc Error: Unicode character –∞ (U+430)
(inputenc)                not set up for use with LaTeX.

See the inputenc package documentation for explanation.
Type  H <return>  for immediate help.
 ...                                              
                                                  
l.1 \section{–ß–∏—Å–ª–µ–Ω–Ω–∞—è —Å—Ö–µ–º–∞ —É—Ä–∞
                                                 –≤–Ω–µ–Ω–∏–π –¥–∏—Ñ—Ñ—É–∑–∏–∏}

You may provide a definition with
\DeclareUnicodeCharacter 


! Package inputenc Error: Unicode character –≤ (U+432)
(inputenc)                not set up for use with LaTeX.

See the inputenc package documentation for explanation.
Type  H <return>  for immediate help.
 ...                                              
                                                  
l.1 ...tion{–ß–∏—Å–ª–µ–Ω–Ω–∞—è —Å—Ö–µ–º–∞ —É—Ä–∞–≤
                                                  –Ω–µ–Ω–∏–π –¥–∏—Ñ—Ñ—É–∑–∏–∏}
You may provide a definition with
\DeclareUnicodeCharacter 


! Package inputenc Error: Unicode character –Ω (U+43D)
(inputenc)                not set up for use with LaTeX.

See the inputenc package documentation for explanation.
Type  H <return>  for immediate help.
 ...                                              
                                                  
l.1 ...on{–ß–∏—Å–ª–µ–Ω–Ω–∞—è —Å—Ö–µ–º–∞ —É—Ä–∞–≤–Ω
                                                  –µ–Ω–∏–π –¥–∏—Ñ—Ñ—É–∑–∏–∏}
You may provide a definition with
\DeclareUnicodeCharacter 


! Package inputenc Error: Unicode character –µ (U+435)
(inputenc)                not set up for use with LaTeX.

See the inputenc package documentation for explanation.
Type  H <return>  for immediate help.
 ...                                              
                                                  
l.1 ...{–ß–∏—Å–ª–µ–Ω–Ω–∞—è —Å—Ö–µ–º–∞ —É—Ä–∞–≤–Ω–µ
                                                  –Ω–∏–π –¥–∏—Ñ—Ñ—É–∑–∏–∏}
You may provide a definition with
\DeclareUnicodeCharacter 


! Package inputenc Error: Unicode character –Ω (U+43D)
(inputenc)                not set up for use with LaTeX.

See the inputenc package documentation for explanation.
Type  H <return>  for immediate help.
 ...                                              
                                                  
l.1 ...ß–∏—Å–ª–µ–Ω–Ω–∞—è —Å—Ö–µ–º–∞ —É—Ä–∞–≤–Ω–µ–Ω
                                                  –∏–π –¥–∏—Ñ—Ñ—É–∑–∏–∏}
You may provide a definition with
\DeclareUnicodeCharacter 


! Package inputenc Error: Unicode character –∏ (U+438)
(inputenc)                not set up for use with LaTeX.

See the inputenc package documentation for explanation.
Type  H <return>  for immediate help.
 ...                                              
                                                  
l.1 ...∏—Å–ª–µ–Ω–Ω–∞—è —Å—Ö–µ–º–∞ —É—Ä–∞–≤–Ω–µ–Ω–∏
                                                  –π –¥–∏—Ñ—Ñ—É–∑–∏–∏}
You may provide a definition with
\DeclareUnicodeCharacter 


! Package inputenc Error: Unicode character –π (U+439)
(inputenc)                not set up for use with LaTeX.

See the inputenc package documentation for explanation.
Type  H <return>  for immediate help.
 ...                                              
                                                  
l.1 ...Å–ª–µ–Ω–Ω–∞—è —Å—Ö–µ–º–∞ —É—Ä–∞–≤–Ω–µ–Ω–∏–π
                                                   –¥–∏—Ñ—Ñ—É–∑–∏–∏}
You may provide a definition with
\DeclareUnicodeCharacter 


! Package inputenc Error: Unicode character –¥ (U+434)
(inputenc)                not set up for use with LaTeX.

See the inputenc package documentation for explanation.
Type  H <return>  for immediate help.
 ...                                              
                                                  
l.1 ...–µ–Ω–Ω–∞—è —Å—Ö–µ–º–∞ —É—Ä–∞–≤–Ω–µ–Ω–∏–π –¥
                                                  –∏—Ñ—Ñ—É–∑–∏–∏}
You may provide a definition with
\DeclareUnicodeCharacter 


! Package inputenc Error: Unicode character –∏ (U+438)
(inputenc)                not set up for use with LaTeX.

See the inputenc package documentation for explanation.
Type  H <return>  for immediate help.
 ...                                              
                                                  
l.1 ...–Ω–Ω–∞—è —Å—Ö–µ–º–∞ —É—Ä–∞–≤–Ω–µ–Ω–∏–π –¥–∏
                                                  —Ñ—Ñ—É–∑–∏–∏}
You may provide a definition with
\DeclareUnicodeCharacter 


! Package inputenc Error: Unicode character —Ñ (U+444)
(inputenc)                not set up for use with LaTeX.

See the inputenc package documentation for explanation.
Type  H <return>  for immediate help.
 ...                                              
                                                  
l.1 ...–Ω–∞—è —Å—Ö–µ–º–∞ —É—Ä–∞–≤–Ω–µ–Ω–∏–π –¥–∏—Ñ
                                                  —Ñ—É–∑–∏–∏}
You may provide a definition with
\DeclareUnicodeCharacter 


! Package inputenc Error: Unicode character —Ñ (U+444)
(inputenc)                not set up for use with LaTeX.

See the inputenc package documentation for explanation.
Type  H <return>  for immediate help.
 ...                                              
                                                  
l.1 ...–∞—è —Å—Ö–µ–º–∞ —É—Ä–∞–≤–Ω–µ–Ω–∏–π –¥–∏—Ñ—Ñ
                                                  —É–∑–∏–∏}
You may provide a definition with
\DeclareUnicodeCharacter 


! Package inputenc Error: Unicode character —É (U+443)
(inputenc)                not set up for use with LaTeX.

See the inputenc package documentation for explanation.
Type  H <return>  for immediate help.
 ...                                              
                                                  
l.1 ...—è —Å—Ö–µ–º–∞ —É—Ä–∞–≤–Ω–µ–Ω–∏–π –¥–∏—Ñ—Ñ—É
                                                  –∑–∏–∏}
You may provide a definition with
\DeclareUnicodeCharacter 


! Package inputenc Error: Unicode character –∑ (U+437)
(inputenc)                not set up for use with LaTeX.

See the inputenc package documentation for explanation.
Type  H <return>  for immediate help.
 ...                                              
                                                  
l.1 ... —Å—Ö–µ–º–∞ —É—Ä–∞–≤–Ω–µ–Ω–∏–π –¥–∏—Ñ—Ñ—É–∑
                                                  –∏–∏}
You may provide a definition with
\DeclareUnicodeCharacter 


! Package inputenc Error: Unicode character –∏ (U+438)
(inputenc)                not set up for use with LaTeX.

See the inputenc package documentation for explanation.
Type  H <return>  for immediate help.
 ...                                              
                                                  
l.1 ...Å—Ö–µ–º–∞ —É—Ä–∞–≤–Ω–µ–Ω–∏–π –¥–∏—Ñ—Ñ—É–∑–∏
                                                  –∏}
You may provide a definition with
\DeclareUnicodeCharacter 


! Package inputenc Error: Unicode character –∏ (U+438)
(inputenc)                not set up for use with LaTeX.

See the inputenc package documentation for explanation.
Type  H <return>  for immediate help.
 ...                                              
                                                  
l.1 ...Ö–µ–º–∞ —É—Ä–∞–≤–Ω–µ–Ω–∏–π –¥–∏—Ñ—Ñ—É–∑–∏–∏
                                                  }
You may provide a definition with
\DeclareUnicodeCharacter 


! Package inputenc Error: Unicode character –° (U+421)
(inputenc)                not set up for use with LaTeX.

See the inputenc package documentation for explanation.
Type  H <return>  for immediate help.
 ...                                              
                                                  
l.3 \par –°
           –¥–µ–ª–∞–µ–º –∑–∞–º–µ–Ω—É –∫–æ–æ—Ä–¥–∏–Ω–∞—Ç –≤ –ø—Ä–µ–¥—Å—Ç–∞–≤–...

You may provide a definition with
\DeclareUnicodeCharacter 


! Package inputenc Error: Unicode character –¥ (U+434)
(inputenc)                not set up for use with LaTeX.

See the inputenc package documentation for explanation.
Type  H <return>  for immediate help.
 ...                                              
                                                  
l.3 \par –°–¥
             –µ–ª–∞–µ–º –∑–∞–º–µ–Ω—É –∫–æ–æ—Ä–¥–∏–Ω–∞—Ç –≤ –ø—Ä–µ–¥—Å—Ç–∞–≤–...

You may provide a definition with
\DeclareUnicodeCharacter 


! Package inputenc Error: Unicode character –µ (U+435)
(inputenc)                not set up for use with LaTeX.

See the inputenc package documentation for explanation.
Type  H <return>  for immediate help.
 ...                                              
                                                  
l.3 \par –°–¥–µ
               –ª–∞–µ–º –∑–∞–º–µ–Ω—É –∫–æ–æ—Ä–¥–∏–Ω–∞—Ç –≤ –ø—Ä–µ–¥—Å—Ç–∞–≤–...

You may provide a definition with
\DeclareUnicodeCharacter 


! Package inputenc Error: Unicode character –ª (U+43B)
(inputenc)                not set up for use with LaTeX.

See the inputenc package documentation for explanation.
Type  H <return>  for immediate help.
 ...                                              
                                                  
l.3 \par –°–¥–µ–ª
                 –∞–µ–º –∑–∞–º–µ–Ω—É –∫–æ–æ—Ä–¥–∏–Ω–∞—Ç –≤ –ø—Ä–µ–¥—Å—Ç–∞–≤–...

You may provide a definition with
\DeclareUnicodeCharacter 


! Package inputenc Error: Unicode character –∞ (U+430)
(inputenc)                not set up for use with LaTeX.

See the inputenc package documentation for explanation.
Type  H <return>  for immediate help.
 ...                                              
                                                  
l.3 \par –°–¥–µ–ª–∞
                   –µ–º –∑–∞–º–µ–Ω—É –∫–æ–æ—Ä–¥–∏–Ω–∞—Ç –≤ –ø—Ä–µ–¥—Å—Ç–∞–≤–...

You may provide a definition with
\DeclareUnicodeCharacter 


! Package inputenc Error: Unicode character –µ (U+435)
(inputenc)                not set up for use with LaTeX.

See the inputenc package documentation for explanation.
Type  H <return>  for immediate help.
 ...                                              
                                                  
l.3 \par –°–¥–µ–ª–∞–µ
                     –º –∑–∞–º–µ–Ω—É –∫–æ–æ—Ä–¥–∏–Ω–∞—Ç –≤ –ø—Ä–µ–¥—Å—Ç–∞–≤–...

You may provide a definition with
\DeclareUnicodeCharacter 


! Package inputenc Error: Unicode character –º (U+43C)
(inputenc)                not set up for use with LaTeX.

See the inputenc package documentation for explanation.
Type  H <return>  for immediate help.
 ...                                              
                                                  
l.3 \par –°–¥–µ–ª–∞–µ–º
                        –∑–∞–º–µ–Ω—É –∫–æ–æ—Ä–¥–∏–Ω–∞—Ç –≤ –ø—Ä–µ–¥—Å—Ç–∞–≤–...

You may provide a definition with
\DeclareUnicodeCharacter 


! Package inputenc Error: Unicode character –∑ (U+437)
(inputenc)                not set up for use with LaTeX.

See the inputenc package documentation for explanation.
Type  H <return>  for immediate help.
 ...                                              
                                                  
l.3 \par –°–¥–µ–ª–∞–µ–º –∑
                          –∞–º–µ–Ω—É –∫–æ–æ—Ä–¥–∏–Ω–∞—Ç –≤ –ø—Ä–µ–¥—Å—Ç–∞–≤–...

You may provide a definition with
\DeclareUnicodeCharacter 


! Package inputenc Error: Unicode character –∞ (U+430)
(inputenc)                not set up for use with LaTeX.

See the inputenc package documentation for explanation.
Type  H <return>  for immediate help.
 ...                                              
                                                  
l.3 \par –°–¥–µ–ª–∞–µ–º –∑–∞
                            –º–µ–Ω—É –∫–æ–æ—Ä–¥–∏–Ω–∞—Ç –≤ –ø—Ä–µ–¥—Å—Ç–∞–≤–...

You may provide a definition with
\DeclareUnicodeCharacter 


! Package inputenc Error: Unicode character –º (U+43C)
(inputenc)                not set up for use with LaTeX.

See the inputenc package documentation for explanation.
Type  H <return>  for immediate help.
 ...                                              
                                                  
l.3 \par –°–¥–µ–ª–∞–µ–º –∑–∞–º
                              –µ–Ω—É –∫–æ–æ—Ä–¥–∏–Ω–∞—Ç –≤ –ø—Ä–µ–¥—Å—Ç–∞–≤–...

You may provide a definition with
\DeclareUnicodeCharacter 


! Package inputenc Error: Unicode character –µ (U+435)
(inputenc)                not set up for use with LaTeX.

See the inputenc package documentation for explanation.
Type  H <return>  for immediate help.
 ...                                              
                                                  
l.3 \par –°–¥–µ–ª–∞–µ–º –∑–∞–º–µ
                                –Ω—É –∫–æ–æ—Ä–¥–∏–Ω–∞—Ç –≤ –ø—Ä–µ–¥—Å—Ç–∞–≤–...

You may provide a definition with
\DeclareUnicodeCharacter 


! Package inputenc Error: Unicode character –Ω (U+43D)
(inputenc)                not set up for use with LaTeX.

See the inputenc package documentation for explanation.
Type  H <return>  for immediate help.
 ...                                              
                                                  
l.3 \par –°–¥–µ–ª–∞–µ–º –∑–∞–º–µ–Ω
                                  —É –∫–æ–æ—Ä–¥–∏–Ω–∞—Ç –≤ –ø—Ä–µ–¥—Å—Ç–∞–≤–...

You may provide a definition with
\DeclareUnicodeCharacter 


! Package inputenc Error: Unicode character —É (U+443)
(inputenc)                not set up for use with LaTeX.

See the inputenc package documentation for explanation.
Type  H <return>  for immediate help.
 ...                                              
                                                  
l.3 \par –°–¥–µ–ª–∞–µ–º –∑–∞–º–µ–Ω—É
                                     –∫–æ–æ—Ä–¥–∏–Ω–∞—Ç –≤ –ø—Ä–µ–¥—Å—Ç–∞–≤–...

You may provide a definition with
\DeclareUnicodeCharacter 


! Package inputenc Error: Unicode character –∫ (U+43A)
(inputenc)                not set up for use with LaTeX.

See the inputenc package documentation for explanation.
Type  H <return>  for immediate help.
 ...                                              
                                                  
l.3 \par –°–¥–µ–ª–∞–µ–º –∑–∞–º–µ–Ω—É –∫
                                       –æ–æ—Ä–¥–∏–Ω–∞—Ç –≤ –ø—Ä–µ–¥—Å—Ç–∞–≤–...

You may provide a definition with
\DeclareUnicodeCharacter 


! Package inputenc Error: Unicode character –æ (U+43E)
(inputenc)                not set up for use with LaTeX.

See the inputenc package documentation for explanation.
Type  H <return>  for immediate help.
 ...                                              
                                                  
l.3 \par –°–¥–µ–ª–∞–µ–º –∑–∞–º–µ–Ω—É –∫–æ
                                         –æ—Ä–¥–∏–Ω–∞—Ç –≤ –ø—Ä–µ–¥—Å—Ç–∞–≤–...

You may provide a definition with
\DeclareUnicodeCharacter 


! Package inputenc Error: Unicode character –æ (U+43E)
(inputenc)                not set up for use with LaTeX.

See the inputenc package documentation for explanation.
Type  H <return>  for immediate help.
 ...                                              
                                                  
l.3 \par –°–¥–µ–ª–∞–µ–º –∑–∞–º–µ–Ω—É –∫–æ–æ
                                           —Ä–¥–∏–Ω–∞—Ç –≤ –ø—Ä–µ–¥—Å—Ç–∞–≤–...

You may provide a definition with
\DeclareUnicodeCharacter 


! Package inputenc Error: Unicode character —Ä (U+440)
(inputenc)                not set up for use with LaTeX.

See the inputenc package documentation for explanation.
Type  H <return>  for immediate help.
 ...                                              
                                                  
l.3 \par –°–¥–µ–ª–∞–µ–º –∑–∞–º–µ–Ω—É –∫–æ–æ—Ä
                                             –¥–∏–Ω–∞—Ç –≤ –ø—Ä–µ–¥—Å—Ç–∞–≤–...

You may provide a definition with
\DeclareUnicodeCharacter 


! Package inputenc Error: Unicode character –¥ (U+434)
(inputenc)                not set up for use with LaTeX.

See the inputenc package documentation for explanation.
Type  H <return>  for immediate help.
 ...                                              
                                                  
l.3 \par –°–¥–µ–ª–∞–µ–º –∑–∞–º–µ–Ω—É –∫–æ–æ—Ä–¥
                                               –∏–Ω–∞—Ç –≤ –ø—Ä–µ–¥—Å—Ç–∞–≤–...

You may provide a definition with
\DeclareUnicodeCharacter 


! Package inputenc Error: Unicode character –∏ (U+438)
(inputenc)                not set up for use with LaTeX.

See the inputenc package documentation for explanation.
Type  H <return>  for immediate help.
 ...                                              
                                                  
l.3 \par –°–¥–µ–ª–∞–µ–º –∑–∞–º–µ–Ω—É –∫–æ–æ—Ä–¥–∏
                                                 –Ω–∞—Ç –≤ –ø—Ä–µ–¥—Å—Ç–∞–≤–...

You may provide a definition with
\DeclareUnicodeCharacter 


! Package inputenc Error: Unicode character –Ω (U+43D)
(inputenc)                not set up for use with LaTeX.

See the inputenc package documentation for explanation.
Type  H <return>  for immediate help.
 ...                                              
                                                  
l.3 ... –°–¥–µ–ª–∞–µ–º –∑–∞–º–µ–Ω—É –∫–æ–æ—Ä–¥–∏–Ω
                                                  –∞—Ç –≤ –ø—Ä–µ–¥—Å—Ç–∞–≤–ª...

You may provide a definition with
\DeclareUnicodeCharacter 


! Package inputenc Error: Unicode character –∞ (U+430)
(inputenc)                not set up for use with LaTeX.

See the inputenc package documentation for explanation.
Type  H <return>  for immediate help.
 ...                                              
                                                  
l.3 ...°–¥–µ–ª–∞–µ–º –∑–∞–º–µ–Ω—É –∫–æ–æ—Ä–¥–∏–Ω–∞
                                                  —Ç –≤ –ø—Ä–µ–¥—Å—Ç–∞–≤–ª–µ...

You may provide a definition with
\DeclareUnicodeCharacter 


! Package inputenc Error: Unicode character —Ç (U+442)
(inputenc)                not set up for use with LaTeX.

See the inputenc package documentation for explanation.
Type  H <return>  for immediate help.
 ...                                              
                                                  
l.3 ...¥–µ–ª–∞–µ–º –∑–∞–º–µ–Ω—É –∫–æ–æ—Ä–¥–∏–Ω–∞—Ç
                                                   –≤ –ø—Ä–µ–¥—Å—Ç–∞–≤–ª–µ–Ω...

You may provide a definition with
\DeclareUnicodeCharacter 


! Package inputenc Error: Unicode character –≤ (U+432)
(inputenc)                not set up for use with LaTeX.

See the inputenc package documentation for explanation.
Type  H <return>  for immediate help.
 ...                                              
                                                  
l.3 ...–ª–∞–µ–º –∑–∞–º–µ–Ω—É –∫–æ–æ—Ä–¥–∏–Ω–∞—Ç –≤
                                                   –ø—Ä–µ–¥—Å—Ç–∞–≤–ª–µ–Ω–Ω—...

You may provide a definition with
\DeclareUnicodeCharacter 


! Package inputenc Error: Unicode character –ø (U+43F)
(inputenc)                not set up for use with LaTeX.

See the inputenc package documentation for explanation.
Type  H <return>  for immediate help.
 ...                                              
                                                  
l.3 ...∞–µ–º –∑–∞–º–µ–Ω—É –∫–æ–æ—Ä–¥–∏–Ω–∞—Ç –≤ –ø
                                                  —Ä–µ–¥—Å—Ç–∞–≤–ª–µ–Ω–Ω—ã—Ö...

You may provide a definition with
\DeclareUnicodeCharacter 


! Package inputenc Error: Unicode character —Ä (U+440)
(inputenc)                not set up for use with LaTeX.

See the inputenc package documentation for explanation.
Type  H <return>  for immediate help.
 ...                                              
                                                  
l.3 ...µ–º –∑–∞–º–µ–Ω—É –∫–æ–æ—Ä–¥–∏–Ω–∞—Ç –≤ –ø—Ä
                                                  –µ–¥—Å—Ç–∞–≤–ª–µ–Ω–Ω—ã—Ö —...

You may provide a definition with
\DeclareUnicodeCharacter 


! Package inputenc Error: Unicode character –µ (U+435)
(inputenc)                not set up for use with LaTeX.

See the inputenc package documentation for explanation.
Type  H <return>  for immediate help.
 ...                                              
                                                  
l.3 ...º –∑–∞–º–µ–Ω—É –∫–æ–æ—Ä–¥–∏–Ω–∞—Ç –≤ –ø—Ä–µ
                                                  –¥—Å—Ç–∞–≤–ª–µ–Ω–Ω—ã—Ö —É—...

You may provide a definition with
\DeclareUnicodeCharacter 


! Package inputenc Error: Unicode character –¥ (U+434)
(inputenc)                not set up for use with LaTeX.

See the inputenc package documentation for explanation.
Type  H <return>  for immediate help.
 ...                                              
                                                  
l.3 ...–∑–∞–º–µ–Ω—É –∫–æ–æ—Ä–¥–∏–Ω–∞—Ç –≤ –ø—Ä–µ–¥
                                                  —Å—Ç–∞–≤–ª–µ–Ω–Ω—ã—Ö —É—Ä–...

You may provide a definition with
\DeclareUnicodeCharacter 


! Package inputenc Error: Unicode character —Å (U+441)
(inputenc)                not set up for use with LaTeX.

See the inputenc package documentation for explanation.
Type  H <return>  for immediate help.
 ...                                              
                                                  
l.3 ...–∞–º–µ–Ω—É –∫–æ–æ—Ä–¥–∏–Ω–∞—Ç –≤ –ø—Ä–µ–¥—Å
                                                  —Ç–∞–≤–ª–µ–Ω–Ω—ã—Ö —É—Ä–∞–...

You may provide a definition with
\DeclareUnicodeCharacter 


! Package inputenc Error: Unicode character —Ç (U+442)
(inputenc)                not set up for use with LaTeX.

See the inputenc package documentation for explanation.
Type  H <return>  for immediate help.
 ...                                              
                                                  
l.3 ...–º–µ–Ω—É –∫–æ–æ—Ä–¥–∏–Ω–∞—Ç –≤ –ø—Ä–µ–¥—Å—Ç
                                                  –∞–≤–ª–µ–Ω–Ω—ã—Ö —É—Ä–∞–≤–...

You may provide a definition with
\DeclareUnicodeCharacter 


! Package inputenc Error: Unicode character –∞ (U+430)
(inputenc)                not set up for use with LaTeX.

See the inputenc package documentation for explanation.
Type  H <return>  for immediate help.
 ...                                              
                                                  
l.3 ...–µ–Ω—É –∫–æ–æ—Ä–¥–∏–Ω–∞—Ç –≤ –ø—Ä–µ–¥—Å—Ç–∞
                                                  –≤–ª–µ–Ω–Ω—ã—Ö —É—Ä–∞–≤–Ω–...

You may provide a definition with
\DeclareUnicodeCharacter 


! Package inputenc Error: Unicode character –≤ (U+432)
(inputenc)                not set up for use with LaTeX.

See the inputenc package documentation for explanation.
Type  H <return>  for immediate help.
 ...                                              
                                                  
l.3 ...–Ω—É –∫–æ–æ—Ä–¥–∏–Ω–∞—Ç –≤ –ø—Ä–µ–¥—Å—Ç–∞–≤
                                                  –ª–µ–Ω–Ω—ã—Ö —É—Ä–∞–≤–Ω–µ–...

You may provide a definition with
\DeclareUnicodeCharacter 


! Package inputenc Error: Unicode character –ª (U+43B)
(inputenc)                not set up for use with LaTeX.

See the inputenc package documentation for explanation.
Type  H <return>  for immediate help.
 ...                                              
                                                  
l.3 ...—É –∫–æ–æ—Ä–¥–∏–Ω–∞—Ç –≤ –ø—Ä–µ–¥—Å—Ç–∞–≤–ª
                                                  –µ–Ω–Ω—ã—Ö —É—Ä–∞–≤–Ω–µ–Ω–...

You may provide a definition with
\DeclareUnicodeCharacter 


! Package inputenc Error: Unicode character –µ (U+435)
(inputenc)                not set up for use with LaTeX.

See the inputenc package documentation for explanation.
Type  H <return>  for immediate help.
 ...                                              
                                                  
l.3 ... –∫–æ–æ—Ä–¥–∏–Ω–∞—Ç –≤ –ø—Ä–µ–¥—Å—Ç–∞–≤–ª–µ
                                                  –Ω–Ω—ã—Ö —É—Ä–∞–≤–Ω–µ–Ω–∏—...

You may provide a definition with
\DeclareUnicodeCharacter 


! Package inputenc Error: Unicode character –Ω (U+43D)
(inputenc)                not set up for use with LaTeX.

See the inputenc package documentation for explanation.
Type  H <return>  for immediate help.
 ...                                              
                                                  
l.3 ...∫–æ–æ—Ä–¥–∏–Ω–∞—Ç –≤ –ø—Ä–µ–¥—Å—Ç–∞–≤–ª–µ–Ω
                                                  –Ω—ã—Ö —É—Ä–∞–≤–Ω–µ–Ω–∏—è—...

You may provide a definition with
\DeclareUnicodeCharacter 


! Package inputenc Error: Unicode character –Ω (U+43D)
(inputenc)                not set up for use with LaTeX.

See the inputenc package documentation for explanation.
Type  H <return>  for immediate help.
 ...                                              
                                                  
l.3 ...æ–æ—Ä–¥–∏–Ω–∞—Ç –≤ –ø—Ä–µ–¥—Å—Ç–∞–≤–ª–µ–Ω–Ω
                                                  —ã—Ö —É—Ä–∞–≤–Ω–µ–Ω–∏—è—Ö....

You may provide a definition with
\DeclareUnicodeCharacter 


! Package inputenc Error: Unicode character —ã (U+44B)
(inputenc)                not set up for use with LaTeX.

See the inputenc package documentation for explanation.
Type  H <return>  for immediate help.
 ...                                              
                                                  
l.3 ...æ—Ä–¥–∏–Ω–∞—Ç –≤ –ø—Ä–µ–¥—Å—Ç–∞–≤–ª–µ–Ω–Ω—ã
                                                  —Ö —É—Ä–∞–≤–Ω–µ–Ω–∏—è—Ö. –...

You may provide a definition with
\DeclareUnicodeCharacter 


! Package inputenc Error: Unicode character —Ö (U+445)
(inputenc)                not set up for use with LaTeX.

See the inputenc package documentation for explanation.
Type  H <return>  for immediate help.
 ...                                              
                                                  
l.3 ...Ä–¥–∏–Ω–∞—Ç –≤ –ø—Ä–µ–¥—Å—Ç–∞–≤–ª–µ–Ω–Ω—ã—Ö
                                                   —É—Ä–∞–≤–Ω–µ–Ω–∏—è—Ö. –í–...

You may provide a definition with
\DeclareUnicodeCharacter 


! Package inputenc Error: Unicode character —É (U+443)
(inputenc)                not set up for use with LaTeX.

See the inputenc package documentation for explanation.
Type  H <return>  for immediate help.
 ...                                              
                                                  
l.3 ...–∏–Ω–∞—Ç –≤ –ø—Ä–µ–¥—Å—Ç–∞–≤–ª–µ–Ω–Ω—ã—Ö —É
                                                  —Ä–∞–≤–Ω–µ–Ω–∏—è—Ö. –í–æ–∑...

You may provide a definition with
\DeclareUnicodeCharacter 


! Package inputenc Error: Unicode character —Ä (U+440)
(inputenc)                not set up for use with LaTeX.

See the inputenc package documentation for explanation.
Type  H <return>  for immediate help.
 ...                                              
                                                  
l.3 ...–Ω–∞—Ç –≤ –ø—Ä–µ–¥—Å—Ç–∞–≤–ª–µ–Ω–Ω—ã—Ö —É—Ä
                                                  –∞–≤–Ω–µ–Ω–∏—è—Ö. –í–æ–∑—å...

You may provide a definition with
\DeclareUnicodeCharacter 


! Package inputenc Error: Unicode character –∞ (U+430)
(inputenc)                not set up for use with LaTeX.

See the inputenc package documentation for explanation.
Type  H <return>  for immediate help.
 ...                                              
                                                  
l.3 ...–∞—Ç –≤ –ø—Ä–µ–¥—Å—Ç–∞–≤–ª–µ–Ω–Ω—ã—Ö —É—Ä–∞
                                                  –≤–Ω–µ–Ω–∏—è—Ö. –í–æ–∑—å–º...

You may provide a definition with
\DeclareUnicodeCharacter 


! Package inputenc Error: Unicode character –≤ (U+432)
(inputenc)                not set up for use with LaTeX.

See the inputenc package documentation for explanation.
Type  H <return>  for immediate help.
 ...                                              
                                                  
l.3 ...—Ç –≤ –ø—Ä–µ–¥—Å—Ç–∞–≤–ª–µ–Ω–Ω—ã—Ö —É—Ä–∞–≤
                                                  –Ω–µ–Ω–∏—è—Ö. –í–æ–∑—å–º—ë...

You may provide a definition with
\DeclareUnicodeCharacter 


! Package inputenc Error: Unicode character –Ω (U+43D)
(inputenc)                not set up for use with LaTeX.

See the inputenc package documentation for explanation.
Type  H <return>  for immediate help.
 ...                                              
                                                  
l.3 ... –≤ –ø—Ä–µ–¥—Å—Ç–∞–≤–ª–µ–Ω–Ω—ã—Ö —É—Ä–∞–≤–Ω
                                                  –µ–Ω–∏—è—Ö. –í–æ–∑—å–º—ë–º...

You may provide a definition with
\DeclareUnicodeCharacter 


! Package inputenc Error: Unicode character –µ (U+435)
(inputenc)                not set up for use with LaTeX.

See the inputenc package documentation for explanation.
Type  H <return>  for immediate help.
 ...                                              
                                                  
l.3 ...≤ –ø—Ä–µ–¥—Å—Ç–∞–≤–ª–µ–Ω–Ω—ã—Ö —É—Ä–∞–≤–Ω–µ
                                                  –Ω–∏—è—Ö. –í–æ–∑—å–º—ë–º —...

You may provide a definition with
\DeclareUnicodeCharacter 


! Package inputenc Error: Unicode character –Ω (U+43D)
(inputenc)                not set up for use with LaTeX.

See the inputenc package documentation for explanation.
Type  H <return>  for immediate help.
 ...                                              
                                                  
l.3 ...–ø—Ä–µ–¥—Å—Ç–∞–≤–ª–µ–Ω–Ω—ã—Ö —É—Ä–∞–≤–Ω–µ–Ω
                                                  –∏—è—Ö. –í–æ–∑—å–º—ë–º —Å–...

You may provide a definition with
\DeclareUnicodeCharacter 


! Package inputenc Error: Unicode character –∏ (U+438)
(inputenc)                not set up for use with LaTeX.

See the inputenc package documentation for explanation.
Type  H <return>  for immediate help.
 ...                                              
                                                  
l.3 ...—Ä–µ–¥—Å—Ç–∞–≤–ª–µ–Ω–Ω—ã—Ö —É—Ä–∞–≤–Ω–µ–Ω–∏
                                                  —è—Ö. –í–æ–∑—å–º—ë–º —Å–ª–...

You may provide a definition with
\DeclareUnicodeCharacter 


! Package inputenc Error: Unicode character —è (U+44F)
(inputenc)                not set up for use with LaTeX.

See the inputenc package documentation for explanation.
Type  H <return>  for immediate help.
 ...                                              
                                                  
l.3 ...–µ–¥—Å—Ç–∞–≤–ª–µ–Ω–Ω—ã—Ö —É—Ä–∞–≤–Ω–µ–Ω–∏—è
                                                  —Ö. –í–æ–∑—å–º—ë–º —Å–ª–µ–...

You may provide a definition with
\DeclareUnicodeCharacter 


! Package inputenc Error: Unicode character —Ö (U+445)
(inputenc)                not set up for use with LaTeX.

See the inputenc package documentation for explanation.
Type  H <return>  for immediate help.
 ...                                              
                                                  
l.3 ...–¥—Å—Ç–∞–≤–ª–µ–Ω–Ω—ã—Ö —É—Ä–∞–≤–Ω–µ–Ω–∏—è—Ö
                                                  . –í–æ–∑—å–º—ë–º —Å–ª–µ–¥—...

You may provide a definition with
\DeclareUnicodeCharacter 


! LaTeX Error: Missing \begin{document}.

See the LaTeX manual or LaTeX Companion for explanation.
Type  H <return>  for immediate help.
 ...                                              
                                                  
l.3 ...¥—Å—Ç–∞–≤–ª–µ–Ω–Ω—ã—Ö —É—Ä–∞–≤–Ω–µ–Ω–∏—è—Ö.
                                                   –í–æ–∑—å–º—ë–º —Å–ª–µ–¥—É...

You're in trouble here.  Try typing  <return>  to proceed.
If that doesn't work, type  X <return>  to quit.

Missing character: There is no . in font nullfont!

! Package inputenc Error: Unicode character –í (U+412)
(inputenc)                not set up for use with LaTeX.

See the inputenc package documentation for explanation.
Type  H <return>  for immediate help.
 ...                                              
                                                  
l.3 ...—Ç–∞–≤–ª–µ–Ω–Ω—ã—Ö —É—Ä–∞–≤–Ω–µ–Ω–∏—è—Ö. –í
                                                  –æ–∑—å–º—ë–º —Å–ª–µ–¥—É—é—...

You may provide a definition with
\DeclareUnicodeCharacter 


! Package inputenc Error: Unicode character –æ (U+43E)
(inputenc)                not set up for use with LaTeX.

See the inputenc package documentation for explanation.
Type  H <return>  for immediate help.
 ...                                              
                                                  
l.3 ...–∞–≤–ª–µ–Ω–Ω—ã—Ö —É—Ä–∞–≤–Ω–µ–Ω–∏—è—Ö. –í–æ
                                                  –∑—å–º—ë–º —Å–ª–µ–¥—É—é—â—...

You may provide a definition with
\DeclareUnicodeCharacter 


! Package inputenc Error: Unicode character –∑ (U+437)
(inputenc)                not set up for use with LaTeX.

See the inputenc package documentation for explanation.
Type  H <return>  for immediate help.
 ...                                              
                                                  
l.3 ...–≤–ª–µ–Ω–Ω—ã—Ö —É—Ä–∞–≤–Ω–µ–Ω–∏—è—Ö. –í–æ–∑
                                                  —å–º—ë–º —Å–ª–µ–¥—É—é—â—É—...

You may provide a definition with
\DeclareUnicodeCharacter 


! Package inputenc Error: Unicode character —å (U+44C)
(inputenc)                not set up for use with LaTeX.

See the inputenc package documentation for explanation.
Type  H <return>  for immediate help.
 ...                                              
                                                  
l.3 ...–ª–µ–Ω–Ω—ã—Ö —É—Ä–∞–≤–Ω–µ–Ω–∏—è—Ö. –í–æ–∑—å
                                                  –º—ë–º —Å–ª–µ–¥—É—é—â—É—é ...

You may provide a definition with
\DeclareUnicodeCharacter 


! Package inputenc Error: Unicode character –º (U+43C)
(inputenc)                not set up for use with LaTeX.

See the inputenc package documentation for explanation.
Type  H <return>  for immediate help.
 ...                                              
                                                  
l.3 ...–µ–Ω–Ω—ã—Ö —É—Ä–∞–≤–Ω–µ–Ω–∏—è—Ö. –í–æ–∑—å–º
                                                  —ë–º —Å–ª–µ–¥—É—é—â—É—é –∑...

You may provide a definition with
\DeclareUnicodeCharacter 


! Package inputenc Error: Unicode character —ë (U+451)
(inputenc)                not set up for use with LaTeX.

See the inputenc package documentation for explanation.
Type  H <return>  for immediate help.
 ...                                              
                                                  
l.3 ...–Ω–Ω—ã—Ö —É—Ä–∞–≤–Ω–µ–Ω–∏—è—Ö. –í–æ–∑—å–º—ë
                                                  –º —Å–ª–µ–¥—É—é—â—É—é –∑–∞...

You may provide a definition with
\DeclareUnicodeCharacter 


! Package inputenc Error: Unicode character –º (U+43C)
(inputenc)                not set up for use with LaTeX.

See the inputenc package documentation for explanation.
Type  H <return>  for immediate help.
 ...                                              
                                                  
l.3 ...–Ω—ã—Ö —É—Ä–∞–≤–Ω–µ–Ω–∏—è—Ö. –í–æ–∑—å–º—ë–º
                                                   —Å–ª–µ–¥—É—é—â—É—é –∑–∞–º...

You may provide a definition with
\DeclareUnicodeCharacter 


! Package inputenc Error: Unicode character —Å (U+441)
(inputenc)                not set up for use with LaTeX.

See the inputenc package documentation for explanation.
Type  H <return>  for immediate help.
 ...                                              
                                                  
l.3 ...ã—Ö —É—Ä–∞–≤–Ω–µ–Ω–∏—è—Ö. –í–æ–∑—å–º—ë–º —Å
                                                  –ª–µ–¥—É—é—â—É—é –∑–∞–º–µ–...

You may provide a definition with
\DeclareUnicodeCharacter 


! Package inputenc Error: Unicode character –ª (U+43B)
(inputenc)                not set up for use with LaTeX.

See the inputenc package documentation for explanation.
Type  H <return>  for immediate help.
 ...                                              
                                                  
l.3 ...Ö —É—Ä–∞–≤–Ω–µ–Ω–∏—è—Ö. –í–æ–∑—å–º—ë–º —Å–ª
                                                  –µ–¥—É—é—â—É—é –∑–∞–º–µ–Ω—...

You may provide a definition with
\DeclareUnicodeCharacter 


! Package inputenc Error: Unicode character –µ (U+435)
(inputenc)                not set up for use with LaTeX.

See the inputenc package documentation for explanation.
Type  H <return>  for immediate help.
 ...                                              
                                                  
l.3 ...—É—Ä–∞–≤–Ω–µ–Ω–∏—è—Ö. –í–æ–∑—å–º—ë–º —Å–ª–µ
                                                  –¥—É—é—â—É—é –∑–∞–º–µ–Ω—É:...

You may provide a definition with
\DeclareUnicodeCharacter 


! Package inputenc Error: Unicode character –¥ (U+434)
(inputenc)                not set up for use with LaTeX.

See the inputenc package documentation for explanation.
Type  H <return>  for immediate help.
 ...                                              
                                                  
l.3 ...—Ä–∞–≤–Ω–µ–Ω–∏—è—Ö. –í–æ–∑—å–º—ë–º —Å–ª–µ–¥
                                                  —É—é—â—É—é –∑–∞–º–µ–Ω—É: $...

You may provide a definition with
\DeclareUnicodeCharacter 


! Package inputenc Error: Unicode character —É (U+443)
(inputenc)                not set up for use with LaTeX.

See the inputenc package documentation for explanation.
Type  H <return>  for immediate help.
 ...                                              
                                                  
l.3 ...–∞–≤–Ω–µ–Ω–∏—è—Ö. –í–æ–∑—å–º—ë–º —Å–ª–µ–¥—É
                                                  —é—â—É—é –∑–∞–º–µ–Ω—É: $$\...

You may provide a definition with
\DeclareUnicodeCharacter 


! Package inputenc Error: Unicode character —é (U+44E)
(inputenc)                not set up for use with LaTeX.

See the inputenc package documentation for explanation.
Type  H <return>  for immediate help.
 ...                                              
                                                  
l.3 ...–≤–Ω–µ–Ω–∏—è—Ö. –í–æ–∑—å–º—ë–º —Å–ª–µ–¥—É—é
                                                  —â—É—é –∑–∞–º–µ–Ω—É: $$\d ...

You may provide a definition with
\DeclareUnicodeCharacter 


! Package inputenc Error: Unicode character —â (U+449)
(inputenc)                not set up for use with LaTeX.

See the inputenc package documentation for explanation.
Type  H <return>  for immediate help.
 ...                                              
                                                  
l.3 ...–Ω–µ–Ω–∏—è—Ö. –í–æ–∑—å–º—ë–º —Å–ª–µ–¥—É—é—â
                                                  —É—é –∑–∞–º–µ–Ω—É: $$\d \x...

You may provide a definition with
\DeclareUnicodeCharacter 


! Package inputenc Error: Unicode character —É (U+443)
(inputenc)                not set up for use with LaTeX.

See the inputenc package documentation for explanation.
Type  H <return>  for immediate help.
 ...                                              
                                                  
l.3 ...–µ–Ω–∏—è—Ö. –í–æ–∑—å–º—ë–º —Å–ª–µ–¥—É—é—â—É
                                                  —é –∑–∞–º–µ–Ω—É: $$\d \xi ...

You may provide a definition with
\DeclareUnicodeCharacter 


! Package inputenc Error: Unicode character —é (U+44E)
(inputenc)                not set up for use with LaTeX.

See the inputenc package documentation for explanation.
Type  H <return>  for immediate help.
 ...                                              
                                                  
l.3 ...–Ω–∏—è—Ö. –í–æ–∑—å–º—ë–º —Å–ª–µ–¥—É—é—â—É—é
                                                   –∑–∞–º–µ–Ω—É: $$\d \xi = ...

You may provide a definition with
\DeclareUnicodeCharacter 


! Package inputenc Error: Unicode character –∑ (U+437)
(inputenc)                not set up for use with LaTeX.

See the inputenc package documentation for explanation.
Type  H <return>  for immediate help.
 ...                                              
                                                  
l.3 ...∏—è—Ö. –í–æ–∑—å–º—ë–º —Å–ª–µ–¥—É—é—â—É—é –∑
                                                  –∞–º–µ–Ω—É: $$\d \xi = \fr...

You may provide a definition with
\DeclareUnicodeCharacter 


! Package inputenc Error: Unicode character –∞ (U+430)
(inputenc)                not set up for use with LaTeX.

See the inputenc package documentation for explanation.
Type  H <return>  for immediate help.
 ...                                              
                                                  
l.3 ...è—Ö. –í–æ–∑—å–º—ë–º —Å–ª–µ–¥—É—é—â—É—é –∑–∞
                                                  –º–µ–Ω—É: $$\d \xi = \frac...

You may provide a definition with
\DeclareUnicodeCharacter 


! Package inputenc Error: Unicode character –º (U+43C)
(inputenc)                not set up for use with LaTeX.

See the inputenc package documentation for explanation.
Type  H <return>  for immediate help.
 ...                                              
                                                  
l.3 ...Ö. –í–æ–∑—å–º—ë–º —Å–ª–µ–¥—É—é—â—É—é –∑–∞–º
                                                  –µ–Ω—É: $$\d \xi = \frac{r...

You may provide a definition with
\DeclareUnicodeCharacter 


! Package inputenc Error: Unicode character –µ (U+435)
(inputenc)                not set up for use with LaTeX.

See the inputenc package documentation for explanation.
Type  H <return>  for immediate help.
 ...                                              
                                                  
l.3 ... –í–æ–∑—å–º—ë–º —Å–ª–µ–¥—É—é—â—É—é –∑–∞–º–µ
                                                  –Ω—É: $$\d \xi = \frac{r-R...
(That makes 100 errors; please try again.) 
Here is how much of TeX's memory you used:
 36 strings out of 492969
 597 string characters out of 3125697
 56694 words of memory out of 3000000
 4009 multiletter control sequences out of 15000+200000
 3640 words of font info for 14 fonts, out of 3000000 for 9000
 1141 hyphenation exceptions out of 8191
 10i,0n,10p,215b,33s stack positions out of 5000i,500n,10000p,200000b,50000s

!  ==> Fatal error occurred, no output PDF file produced!
